2025-10-05T08:06:51.394Z	Initializing build environment...
2025-10-05T08:06:56.932Z	Success: Finished initializing build environment
2025-10-05T08:06:57.095Z	Cloning repository...
2025-10-05T08:06:58.295Z	Detected the following tools from environment: pnpm@10.11.1, nodejs@22.16.0
2025-10-05T08:06:58.296Z	Restoring from dependencies cache
2025-10-05T08:06:58.298Z	Restoring from build output cache
2025-10-05T08:06:58.376Z	Installing project dependencies: pnpm install --frozen-lockfile
2025-10-05T08:06:59.163Z	Lockfile is up to date, resolution step is skipped
2025-10-05T08:06:59.252Z	Progress: resolved 1, reused 0, downloaded 0, added 0
2025-10-05T08:06:59.416Z	Packages: +1238
2025-10-05T08:06:59.416Z	++++++++++++++++++++++++++++++++++++++++++++++++++++++++++++++++++++++++++++++++
2025-10-05T08:07:00.254Z	Progress: resolved 1238, reused 0, downloaded 140, added 138
2025-10-05T08:07:01.260Z	Progress: resolved 1238, reused 0, downloaded 392, added 379
2025-10-05T08:07:02.260Z	Progress: resolved 1238, reused 0, downloaded 495, added 487
2025-10-05T08:07:03.261Z	Progress: resolved 1238, reused 0, downloaded 812, added 806
2025-10-05T08:07:04.262Z	Progress: resolved 1238, reused 0, downloaded 1009, added 997
2025-10-05T08:07:10.009Z	Progress: resolved 1238, reused 0, downloaded 1010, added 997
2025-10-05T08:07:11.003Z	Progress: resolved 1238, reused 0, downloaded 1035, added 1024
2025-10-05T08:07:12.005Z	Progress: resolved 1238, reused 0, downloaded 1036, added 1024
2025-10-05T08:07:13.005Z	Progress: resolved 1238, reused 0, downloaded 1146, added 1135
2025-10-05T08:07:13.594Z	Progress: resolved 1238, reused 0, downloaded 1238, added 1238, done
2025-10-05T08:07:13.845Z	.../node_modules/@tailwindcss/oxide postinstall$ node ./scripts/install.js
2025-10-05T08:07:13.869Z	.../sharp@0.34.4/node_modules/sharp install$ node install/check.js
2025-10-05T08:07:13.869Z	.../node_modules/workerd postinstall$ node install.js
2025-10-05T08:07:13.870Z	.../sharp@0.33.5/node_modules/sharp install$ node install/check
2025-10-05T08:07:13.904Z	.../esbuild@0.25.4/node_modules/esbuild postinstall$ node install.js
2025-10-05T08:07:13.980Z	.../node_modules/@tailwindcss/oxide postinstall: Done
2025-10-05T08:07:14.000Z	.../node_modules/workerd postinstall: Done
2025-10-05T08:07:14.012Z	.../esbuild@0.25.4/node_modules/esbuild postinstall: Done
2025-10-05T08:07:14.016Z	.../sharp@0.34.4/node_modules/sharp install: Done
2025-10-05T08:07:14.025Z	.../sharp@0.33.5/node_modules/sharp install: Done
2025-10-05T08:07:13.594Z	Progress: resolved 1238, reused 0, downloaded 1238, added 1238, done
2025-10-05T08:07:13.845Z	.../node_modules/@tailwindcss/oxide postinstall$ node ./scripts/install.js
2025-10-05T08:07:13.869Z	.../sharp@0.34.4/node_modules/sharp install$ node install/check.js
2025-10-05T08:07:13.869Z	.../node_modules/workerd postinstall$ node install.js
2025-10-05T08:07:13.870Z	.../sharp@0.33.5/node_modules/sharp install$ node install/check
2025-10-05T08:07:13.904Z	.../esbuild@0.25.4/node_modules/esbuild postinstall$ node install.js
2025-10-05T08:07:13.980Z	.../node_modules/@tailwindcss/oxide postinstall: Done
2025-10-05T08:07:14.000Z	.../node_modules/workerd postinstall: Done
2025-10-05T08:07:14.012Z	.../esbuild@0.25.4/node_modules/esbuild postinstall: Done
2025-10-05T08:07:14.016Z	.../sharp@0.34.4/node_modules/sharp install: Done
2025-10-05T08:07:14.025Z	.../sharp@0.33.5/node_modules/sharp install: Done
2025-10-05T08:07:50.086Z	 ⨯ Failed to load next.config.mjs, see more info here https://nextjs.org/docs/messages/next-config-error
2025-10-05T08:07:50.097Z	
2025-10-05T08:07:50.097Z	> Build error occurred
2025-10-05T08:07:50.099Z	[Error: Cannot find package '@cloudflare/next-on-pages' imported from /opt/buildhome/repo/next.config.mjs] {
2025-10-05T08:07:50.099Z	  code: 'ERR_MODULE_NOT_FOUND'
2025-10-05T08:07:50.099Z	}
2025-10-05T08:07:50.118Z	 ELIFECYCLE  Command failed with exit code 1.
2025-10-05T08:07:50.157Z	Failed: error occurred while running build command
2025-10-05T08:07:30.333Z	
2025-10-05T08:07:30.333Z	dependencies:
2025-10-05T08:07:30.333Z	+ @eslint/eslintrc 3.3.1
2025-10-05T08:07:30.333Z	+ @hookform/resolvers 3.10.0
2025-10-05T08:07:30.333Z	+ @opennextjs/cloudflare 1.9.1
2025-10-05T08:07:30.333Z	+ @radix-ui/react-accordion 1.2.12
2025-10-05T08:07:30.333Z	+ @radix-ui/react-alert-dialog 1.1.15
2025-10-05T08:07:30.333Z	+ @radix-ui/react-aspect-ratio 1.1.7
2025-10-05T08:07:30.333Z	+ @radix-ui/react-avatar 1.1.10
2025-10-05T08:07:30.334Z	+ @radix-ui/react-checkbox 1.3.3
2025-10-05T08:07:30.334Z	+ @radix-ui/react-collapsible 1.1.12
2025-10-05T08:07:30.334Z	+ @radix-ui/react-context-menu 2.2.16
2025-10-05T08:07:30.334Z	+ @radix-ui/react-dialog 1.1.15
2025-10-05T08:07:30.334Z	+ @radix-ui/react-dropdown-menu 2.1.16
2025-10-05T08:07:30.334Z	+ @radix-ui/react-hover-card 1.1.15
2025-10-05T08:07:30.334Z	+ @radix-ui/react-label 2.1.7
2025-10-05T08:07:30.334Z	+ @radix-ui/react-menubar 1.1.16
2025-10-05T08:07:30.334Z	+ @radix-ui/react-navigation-menu 1.2.14
2025-10-05T08:07:30.334Z	+ @radix-ui/react-popover 1.1.15
2025-10-05T08:07:30.334Z	+ @radix-ui/react-progress 1.1.7
2025-10-05T08:07:30.334Z	+ @radix-ui/react-radio-group 1.3.8
2025-10-05T08:07:30.334Z	+ @radix-ui/react-scroll-area 1.2.10
2025-10-05T08:07:30.334Z	+ @radix-ui/react-select 2.2.6
2025-10-05T08:07:30.334Z	+ @radix-ui/react-separator 1.1.7
2025-10-05T08:07:30.334Z	+ @radix-ui/react-slider 1.3.6
2025-10-05T08:07:30.334Z	+ @radix-ui/react-slot 1.2.3
2025-10-05T08:07:30.334Z	+ @radix-ui/react-switch 1.2.6
2025-10-05T08:07:30.334Z	+ @radix-ui/react-tabs 1.1.13
2025-10-05T08:07:30.334Z	+ @radix-ui/react-toast 1.2.15
2025-10-05T08:07:30.334Z	+ @radix-ui/react-toggle 1.1.10
2025-10-05T08:07:30.334Z	+ @radix-ui/react-toggle-group 1.1.11
2025-10-05T08:07:30.334Z	+ @radix-ui/react-tooltip 1.2.8
2025-10-05T08:07:30.334Z	+ @react-three/drei 10.7.6
2025-10-05T08:07:30.334Z	+ @react-three/fiber 9.3.0
2025-10-05T08:07:30.334Z	+ @types/three 0.180.0
2025-10-05T08:07:30.335Z	+ @vercel/analytics 1.3.1
2025-10-05T08:07:30.335Z	+ autoprefixer 10.4.21
2025-10-05T08:07:30.335Z	+ class-variance-authority 0.7.1
2025-10-05T08:07:30.335Z	+ clsx 2.1.1
2025-10-05T08:07:30.335Z	+ cmdk 1.0.4
2025-10-05T08:07:30.335Z	+ date-fns 4.1.0
2025-10-05T08:07:30.335Z	+ embla-carousel-react 8.5.1
2025-10-05T08:07:30.335Z	+ expo 54.0.12
2025-10-05T08:07:30.335Z	+ expo-asset 12.0.9
2025-10-05T08:07:30.335Z	+ expo-file-system 19.0.16
2025-10-05T08:07:30.335Z	+ expo-gl 16.0.7
2025-10-05T08:07:30.335Z	+ geist 1.5.1
2025-10-05T08:07:30.336Z	+ input-otp 1.4.1
2025-10-05T08:07:30.336Z	+ leva 0.10.0
2025-10-05T08:07:30.336Z	+ lucide-react 0.454.0
2025-10-05T08:07:30.336Z	+ maath 0.10.8
2025-10-05T08:07:30.336Z	+ next 15.4.7
2025-10-05T08:07:30.336Z	+ next-themes 0.4.6
2025-10-05T08:07:30.336Z	+ path 0.12.7
2025-10-05T08:07:30.336Z	+ r3f-perf 7.2.3
2025-10-05T08:07:30.336Z	+ react 19.2.0
2025-10-05T08:07:30.337Z	+ react-day-picker 9.8.0
2025-10-05T08:07:30.337Z	+ react-dom 19.2.0
2025-10-05T08:07:30.337Z	+ react-hook-form 7.64.0
2025-10-05T08:07:30.337Z	+ react-native 0.81.4
2025-10-05T08:07:30.338Z	+ react-resizable-panels 2.1.9
2025-10-05T08:07:30.338Z	+ recharts 2.15.4
2025-10-05T08:07:30.338Z	+ sonner 1.7.4
2025-10-05T08:07:30.338Z	+ tailwind-merge 2.6.0
2025-10-05T08:07:30.338Z	+ tailwindcss-animate 1.0.7
2025-10-05T08:07:30.338Z	+ three 0.180.0
2025-10-05T08:07:30.338Z	+ url 0.11.4
2025-10-05T08:07:30.338Z	+ vaul 1.1.2
2025-10-05T08:07:30.338Z	+ zod 3.25.67
2025-10-05T08:07:30.339Z	
2025-10-05T08:07:30.339Z	devDependencies:
2025-10-05T08:07:30.339Z	+ @tailwindcss/postcss 4.1.14
2025-10-05T08:07:30.339Z	+ @types/node 22.18.8
2025-10-05T08:07:30.339Z	+ @types/react 19.2.0
2025-10-05T08:07:30.339Z	+ @types/react-dom 19.2.0
2025-10-05T08:07:30.339Z	+ postcss 8.5.6
2025-10-05T08:07:30.339Z	+ tailwindcss 4.1.14
2025-10-05T08:07:30.339Z	+ tw-animate-css 1.3.3
2025-10-05T08:07:30.340Z	+ typescript 5.9.3
2025-10-05T08:07:30.340Z	
2025-10-05T08:07:30.360Z	Done in 31.7s
2025-10-05T08:07:30.482Z	Executing user build command: pnpm run build
2025-10-05T08:07:30.845Z	
2025-10-05T08:07:30.845Z	> my-v0-project@0.1.0 build /opt/buildhome/repo
2025-10-05T08:07:30.845Z	> next build
2025-10-05T08:07:30.845Z	